#
# There is insufficient memory for the Java Runtime Environment to continue.
# Native memory allocation (malloc) failed to allocate 32744 bytes for ChunkPool::allocate
# Possible reasons:
#   The system is out of physical RAM or swap space
#   The process is running with CompressedOops enabled, and the Java Heap may be blocking the growth of the native heap
# Possible solutions:
#   Reduce memory load on the system
#   Increase physical memory or swap space
#   Check if swap backing store is full
#   Decrease Java heap size (-Xmx/-Xms)
#   Decrease number of Java threads
#   Decrease Java thread stack sizes (-Xss)
#   Set larger code cache with -XX:ReservedCodeCacheSize=
#   JVM is running with Unscaled Compressed Oops mode in which the Java heap is
#     placed in the first 4GB address space. The Java Heap base address is the
#     maximum limit for the native heap growth. Please use -XX:HeapBaseMinAddress
#     to set the Java Heap base and to place the Java Heap above 4GB virtual address.
# This output file may be truncated or incomplete.
#
#  Out of Memory Error (allocation.cpp:272), pid=16796, tid=0x0000000000001c70
#
# JRE version: OpenJDK Runtime Environment (8.0_242-b01) (build 1.8.0_242-release-1644-b01)
# Java VM: OpenJDK 64-Bit Server VM (25.242-b01 mixed mode windows-amd64 compressed oops)
# Failed to write core dump. Minidumps are not enabled by default on client versions of Windows
#

---------------  T H R E A D  ---------------

Current thread (0x0000000017ecd800):  JavaThread "C2 CompilerThread1" daemon [_thread_in_native, id=7280, stack(0x0000000019640000,0x0000000019740000)]

Stack: [0x0000000019640000,0x0000000019740000]
[error occurred during error reporting (printing stack bounds), id 0xc0000005]

Native frames: (J=compiled Java code, j=interpreted, Vv=VM code, C=native code)


Current CompileTask:
C2:  28950 1513       4       java.net.URLClassLoader$1::run (5 bytes)


---------------  P R O C E S S  ---------------

Java Threads: ( => current thread )
  0x0000000019bb2000 JavaThread "Thread-9" [_thread_blocked, id=1460, stack(0x000000001c9c0000,0x000000001cac0000)]
  0x000000001996d000 JavaThread "Stdin handler" [_thread_blocked, id=9348, stack(0x000000001c8c0000,0x000000001c9c0000)]
  0x000000001a328800 JavaThread "Asynchronous log dispatcher for DefaultDaemonConnection: socket connection from /127.0.0.1:58111 to /127.0.0.1:58119" [_thread_blocked, id=12200, stack(0x000000001c7c0000,0x000000001c8c0000)]
  0x000000001a30b800 JavaThread "Daemon worker" [_thread_in_Java, id=15156, stack(0x000000001c6c0000,0x000000001c7c0000)]
  0x000000001a3ce000 JavaThread "Cancel handler" [_thread_blocked, id=16304, stack(0x000000001c5c0000,0x000000001c6c0000)]
  0x0000000019bc0800 JavaThread "Handler for socket connection from /127.0.0.1:58111 to /127.0.0.1:58119" [_thread_in_native, id=6080, stack(0x000000001c4c0000,0x000000001c5c0000)]
  0x0000000019eca000 JavaThread "Daemon" [_thread_blocked, id=17164, stack(0x000000001c3c0000,0x000000001c4c0000)]
  0x000000001a5ef000 JavaThread "Daemon periodic checks" [_thread_blocked, id=11452, stack(0x000000001c0c0000,0x000000001c1c0000)]
  0x000000001a94a800 JavaThread "Incoming local TCP Connector on port 58111" [_thread_in_native, id=4248, stack(0x000000001be50000,0x000000001bf50000)]
  0x000000001ad26000 JavaThread "Daemon health stats" [_thread_blocked, id=10100, stack(0x000000001b810000,0x000000001b910000)]
  0x0000000019888000 JavaThread "Service Thread" daemon [_thread_blocked, id=5204, stack(0x0000000019c40000,0x0000000019d40000)]
  0x0000000017ede800 JavaThread "C1 CompilerThread2" daemon [_thread_in_vm, id=4844, stack(0x0000000019740000,0x0000000019840000)]
=>0x0000000017ecd800 JavaThread "C2 CompilerThread1" daemon [_thread_in_native, id=7280, stack(0x0000000019640000,0x0000000019740000)]
  0x0000000017ec7000 JavaThread "C2 CompilerThread0" daemon [_thread_blocked, id=9504, stack(0x0000000019540000,0x0000000019640000)]
  0x0000000017ec4800 JavaThread "Attach Listener" daemon [_thread_blocked, id=9488, stack(0x0000000019440000,0x0000000019540000)]
  0x0000000017ec3000 JavaThread "Signal Dispatcher" daemon [_thread_blocked, id=1804, stack(0x0000000019340000,0x0000000019440000)]
  0x000000000329b000 JavaThread "Finalizer" daemon [_thread_blocked, id=10036, stack(0x0000000019110000,0x0000000019210000)]
  0x0000000017ea9000 JavaThread "Reference Handler" daemon [_thread_blocked, id=8296, stack(0x0000000019010000,0x0000000019110000)]
  0x000000000319e800 JavaThread "main" [_thread_blocked, id=12608, stack(0x0000000003000000,0x0000000003100000)]

Other Threads:
  0x0000000017e87000 VMThread [stack: 0x0000000018f10000,0x0000000019010000] [id=12068]
  0x0000000017f10000 WatcherThread [stack: 0x0000000019d40000,0x0000000019e40000] [id=948]

VM state:not at safepoint (normal execution)

VM Mutex/Monitor currently owned by a thread: None

heap address: 0x0000000080000000, size: 2048 MB, Compressed Oops mode: 32-bit
Narrow klass base: 0x0000000000000000, Narrow klass shift: 3
Compressed class space size: 1073741824 Address: 0x0000000100000000

Heap:
 PSYoungGen      total 35328K, used 31243K [0x00000000d5580000, 0x00000000da180000, 0x0000000100000000)
  eden space 32768K, 87% used [0x00000000d5580000,0x00000000d7186ec0,0x00000000d7580000)
  from space 2560K, 99% used [0x00000000d7580000,0x00000000d77fc010,0x00000000d7800000)
  to   space 6144K, 0% used [0x00000000d9b80000,0x00000000d9b80000,0x00000000da180000)
 ParOldGen       total 44032K, used 5113K [0x0000000080000000, 0x0000000082b00000, 0x00000000d5580000)
  object space 44032K, 11% used [0x0000000080000000,0x00000000804fe730,0x0000000082b00000)
 Metaspace       used 14329K, capacity 14774K, committed 14976K, reserved 1062912K
  class space    used 1968K, capacity 2091K, committed 2176K, reserved 1048576K

Card table byte_map: [0x0000000012660000,0x0000000012a70000] byte_map_base: 0x0000000012260000

Marking Bits: (ParMarkBitMap*) 0x000000005edff030
 Begin Bits: [0x0000000013120000, 0x0000000015120000)
 End Bits:   [0x0000000015120000, 0x0000000017120000)

Polling page: 0x0000000001750000

CodeCache: size=245760Kb used=4960Kb max_used=4960Kb free=240799Kb
 bounds [0x00000000032a0000, 0x0000000003780000, 0x00000000122a0000]
 total_blobs=1774 nmethods=1391 adapters=296
 compilation: enabled

Compilation events (10 events):
Event: 28.943 Thread 0x0000000017ede800 nmethod 1521 0x00000000037751d0 code [0x0000000003775580, 0x0000000003777388]
Event: 28.943 Thread 0x0000000017ede800 1522       3       java.lang.String::subSequence (7 bytes)
Event: 28.943 Thread 0x0000000017ede800 nmethod 1522 0x0000000003587150 code [0x00000000035872c0, 0x00000000035874c8]
Event: 28.943 Thread 0x0000000017ede800 1523       3       java.util.regex.Pattern$Ctype::isSatisfiedBy (24 bytes)
Event: 28.944 Thread 0x0000000017ede800 nmethod 1523 0x0000000003765750 code [0x00000000037658c0, 0x0000000003765c50]
Event: 28.944 Thread 0x0000000017ede800 1524       3       java.lang.Integer::parseInt (7 bytes)
Event: 28.944 Thread 0x0000000017ede800 nmethod 1524 0x0000000003586dd0 code [0x0000000003586f40, 0x00000000035870a8]
Event: 28.944 Thread 0x0000000017ede800 1525   !   3       java.util.regex.Pattern::<init> (98 bytes)
Event: 28.945 Thread 0x0000000017ede800 nmethod 1525 0x000000000352c490 code [0x000000000352c680, 0x000000000352d028]
Event: 28.945 Thread 0x0000000017ede800 1526       3       java.lang.String::split (326 bytes)

GC Heap History (10 events):
Event: 2.267 GC heap before
{Heap before GC invocations=1 (full 0):
 PSYoungGen      total 18944K, used 16384K [0x00000000d5580000, 0x00000000d6a80000, 0x0000000100000000)
  eden space 16384K, 100% used [0x00000000d5580000,0x00000000d6580000,0x00000000d6580000)
  from space 2560K, 0% used [0x00000000d6800000,0x00000000d6800000,0x00000000d6a80000)
  to   space 2560K, 0% used [0x00000000d6580000,0x00000000d6580000,0x00000000d6800000)
 ParOldGen       total 44032K, used 0K [0x0000000080000000, 0x0000000082b00000, 0x00000000d5580000)
  object space 44032K, 0% used [0x0000000080000000,0x0000000080000000,0x0000000082b00000)
 Metaspace       used 5494K, capacity 5800K, committed 5888K, reserved 1056768K
  class space    used 641K, capacity 742K, committed 768K, reserved 1048576K
Event: 2.282 GC heap after
Heap after GC invocations=1 (full 0):
 PSYoungGen      total 18944K, used 2227K [0x00000000d5580000, 0x00000000d6a80000, 0x0000000100000000)
  eden space 16384K, 0% used [0x00000000d5580000,0x00000000d5580000,0x00000000d6580000)
  from space 2560K, 87% used [0x00000000d6580000,0x00000000d67ace20,0x00000000d6800000)
  to   space 2560K, 0% used [0x00000000d6800000,0x00000000d6800000,0x00000000d6a80000)
 ParOldGen       total 44032K, used 8K [0x0000000080000000, 0x0000000082b00000, 0x00000000d5580000)
  object space 44032K, 0% used [0x0000000080000000,0x0000000080002000,0x0000000082b00000)
 Metaspace       used 5494K, capacity 5800K, committed 5888K, reserved 1056768K
  class space    used 641K, capacity 742K, committed 768K, reserved 1048576K
}
Event: 6.026 GC heap before
{Heap before GC invocations=2 (full 0):
 PSYoungGen      total 18944K, used 18611K [0x00000000d5580000, 0x00000000d6a80000, 0x0000000100000000)
  eden space 16384K, 100% used [0x00000000d5580000,0x00000000d6580000,0x00000000d6580000)
  from space 2560K, 87% used [0x00000000d6580000,0x00000000d67ace20,0x00000000d6800000)
  to   space 2560K, 0% used [0x00000000d6800000,0x00000000d6800000,0x00000000d6a80000)
 ParOldGen       total 44032K, used 8K [0x0000000080000000, 0x0000000082b00000, 0x00000000d5580000)
  object space 44032K, 0% used [0x0000000080000000,0x0000000080002000,0x0000000082b00000)
 Metaspace       used 7579K, capacity 7914K, committed 8064K, reserved 1056768K
  class space    used 931K, capacity 1041K, committed 1152K, reserved 1048576K
Event: 6.156 GC heap after
Heap after GC invocations=2 (full 0):
 PSYoungGen      total 18944K, used 2549K [0x00000000d5580000, 0x00000000d7a80000, 0x0000000100000000)
  eden space 16384K, 0% used [0x00000000d5580000,0x00000000d5580000,0x00000000d6580000)
  from space 2560K, 99% used [0x00000000d6800000,0x00000000d6a7d688,0x00000000d6a80000)
  to   space 2560K, 0% used [0x00000000d6580000,0x00000000d6580000,0x00000000d6800000)
 ParOldGen       total 44032K, used 1124K [0x0000000080000000, 0x0000000082b00000, 0x00000000d5580000)
  object space 44032K, 2% used [0x0000000080000000,0x0000000080119308,0x0000000082b00000)
 Metaspace       used 7579K, capacity 7914K, committed 8064K, reserved 1056768K
  class space    used 931K, capacity 1041K, committed 1152K, reserved 1048576K
}
Event: 7.366 GC heap before
{Heap before GC invocations=3 (full 0):
 PSYoungGen      total 18944K, used 18933K [0x00000000d5580000, 0x00000000d7a80000, 0x0000000100000000)
  eden space 16384K, 100% used [0x00000000d5580000,0x00000000d6580000,0x00000000d6580000)
  from space 2560K, 99% used [0x00000000d6800000,0x00000000d6a7d688,0x00000000d6a80000)
  to   space 2560K, 0% used [0x00000000d6580000,0x00000000d6580000,0x00000000d6800000)
 ParOldGen       total 44032K, used 1124K [0x0000000080000000, 0x0000000082b00000, 0x00000000d5580000)
  object space 44032K, 2% used [0x0000000080000000,0x0000000080119308,0x0000000082b00000)
 Metaspace       used 7616K, capacity 7914K, committed 8064K, reserved 1056768K
  class space    used 931K, capacity 1041K, committed 1152K, reserved 1048576K
Event: 7.397 GC heap after
Heap after GC invocations=3 (full 0):
 PSYoungGen      total 18944K, used 2272K [0x00000000d5580000, 0x00000000d7a80000, 0x0000000100000000)
  eden space 16384K, 0% used [0x00000000d5580000,0x00000000d5580000,0x00000000d6580000)
  from space 2560K, 88% used [0x00000000d6580000,0x00000000d67b8020,0x00000000d6800000)
  to   space 2560K, 0% used [0x00000000d7800000,0x00000000d7800000,0x00000000d7a80000)
 ParOldGen       total 44032K, used 1132K [0x0000000080000000, 0x0000000082b00000, 0x00000000d5580000)
  object space 44032K, 2% used [0x0000000080000000,0x000000008011b308,0x0000000082b00000)
 Metaspace       used 7616K, capacity 7914K, committed 8064K, reserved 1056768K
  class space    used 931K, capacity 1041K, committed 1152K, reserved 1048576K
}
Event: 10.590 GC heap before
{Heap before GC invocations=4 (full 0):
 PSYoungGen      total 18944K, used 18656K [0x00000000d5580000, 0x00000000d7a80000, 0x0000000100000000)
  eden space 16384K, 100% used [0x00000000d5580000,0x00000000d6580000,0x00000000d6580000)
  from space 2560K, 88% used [0x00000000d6580000,0x00000000d67b8020,0x00000000d6800000)
  to   space 2560K, 0% used [0x00000000d7800000,0x00000000d7800000,0x00000000d7a80000)
 ParOldGen       total 44032K, used 1132K [0x0000000080000000, 0x0000000082b00000, 0x00000000d5580000)
  object space 44032K, 2% used [0x0000000080000000,0x000000008011b308,0x0000000082b00000)
 Metaspace       used 7815K, capacity 8162K, committed 8320K, reserved 1056768K
  class space    used 955K, capacity 1081K, committed 1152K, reserved 1048576K
Event: 10.595 GC heap after
Heap after GC invocations=4 (full 0):
 PSYoungGen      total 35328K, used 2528K [0x00000000d5580000, 0x00000000d7a80000, 0x0000000100000000)
  eden space 32768K, 0% used [0x00000000d5580000,0x00000000d5580000,0x00000000d7580000)
  from space 2560K, 98% used [0x00000000d7800000,0x00000000d7a78020,0x00000000d7a80000)
  to   space 2560K, 0% used [0x00000000d7580000,0x00000000d7580000,0x00000000d7800000)
 ParOldGen       total 44032K, used 1761K [0x0000000080000000, 0x0000000082b00000, 0x00000000d5580000)
  object space 44032K, 4% used [0x0000000080000000,0x00000000801b85b0,0x0000000082b00000)
 Metaspace       used 7815K, capacity 8162K, committed 8320K, reserved 1056768K
  class space    used 955K, capacity 1081K, committed 1152K, reserved 1048576K
}
Event: 25.867 GC heap before
{Heap before GC invocations=5 (full 0):
 PSYoungGen      total 35328K, used 35296K [0x00000000d5580000, 0x00000000d7a80000, 0x0000000100000000)
  eden space 32768K, 100% used [0x00000000d5580000,0x00000000d7580000,0x00000000d7580000)
  from space 2560K, 98% used [0x00000000d7800000,0x00000000d7a78020,0x00000000d7a80000)
  to   space 2560K, 0% used [0x00000000d7580000,0x00000000d7580000,0x00000000d7800000)
 ParOldGen       total 44032K, used 1761K [0x0000000080000000, 0x0000000082b00000, 0x00000000d5580000)
  object space 44032K, 4% used [0x0000000080000000,0x00000000801b85b0,0x0000000082b00000)
 Metaspace       used 12098K, capacity 12520K, committed 12800K, reserved 1060864K
  class space    used 1601K, capacity 1730K, committed 1792K, reserved 1048576K
Event: 26.186 GC heap after
Heap after GC invocations=5 (full 0):
 PSYoungGen      total 35328K, used 2544K [0x00000000d5580000, 0x00000000da180000, 0x0000000100000000)
  eden space 32768K, 0% used [0x00000000d5580000,0x00000000d5580000,0x00000000d7580000)
  from space 2560K, 99% used [0x00000000d7580000,0x00000000d77fc010,0x00000000d7800000)
  to   space 6144K, 0% used [0x00000000d9b80000,0x00000000d9b80000,0x00000000da180000)
 ParOldGen       total 44032K, used 5113K [0x0000000080000000, 0x0000000082b00000, 0x00000000d5580000)
  object space 44032K, 11% used [0x0000000080000000,0x00000000804fe730,0x0000000082b00000)
 Metaspace       used 12098K, capacity 12520K, committed 12800K, reserved 1060864K
  class space    used 1601K, capacity 1730K, committed 1792K, reserved 1048576K
}

Deoptimization events (10 events):
Event: 13.741 Thread 0x000000000319e800 Uncommon trap: reason=unstable_if action=reinterpret pc=0x0000000003597534 method=java.io.WinNTFileSystem.normalize(Ljava/lang/String;)Ljava/lang/String; @ 128
Event: 25.474 Thread 0x0000000019bc0800 Uncommon trap: reason=unstable_if action=reinterpret pc=0x00000000036d17e8 method=java.util.concurrent.ConcurrentHashMap.putVal(Ljava/lang/Object;Ljava/lang/Object;Z)Ljava/lang/Object; @ 206
Event: 26.495 Thread 0x000000001a30b800 Uncommon trap: reason=bimorphic action=maybe_recompile pc=0x00000000035860d4 method=java.util.HashMap.putVal(ILjava/lang/Object;Ljava/lang/Object;ZZ)Ljava/lang/Object; @ 253
Event: 26.495 Thread 0x000000001a30b800 Uncommon trap: reason=bimorphic action=maybe_recompile pc=0x00000000035860d4 method=java.util.HashMap.putVal(ILjava/lang/Object;Ljava/lang/Object;ZZ)Ljava/lang/Object; @ 253
Event: 26.496 Thread 0x000000001a30b800 Uncommon trap: reason=bimorphic action=maybe_recompile pc=0x00000000035860d4 method=java.util.HashMap.putVal(ILjava/lang/Object;Ljava/lang/Object;ZZ)Ljava/lang/Object; @ 253
Event: 26.496 Thread 0x000000001a30b800 Uncommon trap: reason=bimorphic action=maybe_recompile pc=0x00000000035860d4 method=java.util.HashMap.putVal(ILjava/lang/Object;Ljava/lang/Object;ZZ)Ljava/lang/Object; @ 253
Event: 28.711 Thread 0x000000001a30b800 Uncommon trap: reason=class_check action=maybe_recompile pc=0x00000000036021d8 method=java.util.regex.Matcher.match(II)Z @ 86
Event: 28.718 Thread 0x000000001a30b800 Uncommon trap: reason=class_check action=maybe_recompile pc=0x00000000036021d8 method=java.util.regex.Matcher.match(II)Z @ 86
Event: 28.719 Thread 0x000000001a30b800 Uncommon trap: reason=class_check action=maybe_recompile pc=0x00000000036021d8 method=java.util.regex.Matcher.match(II)Z @ 86
Event: 28.719 Thread 0x000000001a30b800 Uncommon trap: reason=class_check action=maybe_recompile pc=0x0000000003461b8c method=java.util.regex.Matcher.match(II)Z @ 86

Classes redefined (0 events):
No events

Internal exceptions (10 events):
Event: 2.894 Thread 0x000000000319e800 Exception <a 'java/lang/ArrayIndexOutOfBoundsException'> (0x00000000d5b54060) thrown at [C:\src\AOSP-openjdk-git\hotspot\src\share\vm\runtime\sharedRuntime.cpp, line 605]
Event: 2.907 Thread 0x000000000319e800 Exception <a 'java/lang/ArrayIndexOutOfBoundsException'> (0x00000000d5b6dc48) thrown at [C:\src\AOSP-openjdk-git\hotspot\src\share\vm\runtime\sharedRuntime.cpp, line 605]
Event: 15.765 Thread 0x000000000319e800 Exception <a 'java/io/IOException'> (0x00000000d71e69d8) thrown at [C:\src\AOSP-openjdk-git\hotspot\src\share\vm\prims\jni.cpp, line 710]
Event: 25.479 Thread 0x0000000019bc0800 Exception <a 'java/lang/NoSuchMethodError': <clinit>> (0x00000000d7444fa8) thrown at [C:\src\AOSP-openjdk-git\hotspot\src\share\vm\prims\jni.cpp, line 1615]
Event: 25.486 Thread 0x0000000019bc0800 Exception <a 'java/lang/NoSuchMethodError': <clinit>> (0x00000000d744e6b0) thrown at [C:\src\AOSP-openjdk-git\hotspot\src\share\vm\prims\jni.cpp, line 1615]
Event: 25.504 Thread 0x0000000019bc0800 Exception <a 'java/lang/NoSuchMethodError': <clinit>> (0x00000000d7462c98) thrown at [C:\src\AOSP-openjdk-git\hotspot\src\share\vm\prims\jni.cpp, line 1615]
Event: 25.563 Thread 0x0000000019bc0800 Exception <a 'java/lang/NoSuchMethodError': <clinit>> (0x00000000d74cfd30) thrown at [C:\src\AOSP-openjdk-git\hotspot\src\share\vm\prims\jni.cpp, line 1615]
Event: 25.639 Thread 0x0000000019bc0800 Exception <a 'java/lang/NoSuchMethodError': <clinit>> (0x00000000d750a1f8) thrown at [C:\src\AOSP-openjdk-git\hotspot\src\share\vm\prims\jni.cpp, line 1615]
Event: 25.671 Thread 0x0000000019bc0800 Exception <a 'java/lang/NoSuchMethodError': <clinit>> (0x00000000d753fe80) thrown at [C:\src\AOSP-openjdk-git\hotspot\src\share\vm\prims\jni.cpp, line 1615]
Event: 25.693 Thread 0x0000000019bc0800 Exception <a 'java/lang/NoSuchMethodError': <clinit>> (0x00000000d754c3e0) thrown at [C:\src\AOSP-openjdk-git\hotspot\src\share\vm\prims\jni.cpp, line 1615]

Events (10 events):
Event: 28.896 loading class org/gradle/internal/service/ServiceRegistry
Event: 28.896 loading class org/gradle/internal/service/ServiceRegistry done
Event: 28.897 loading class org/gradle/api/internal/artifacts/ivyservice/DefaultArtifactCaches$WritableArtifactCacheLockingParameters
Event: 28.897 loading class org/gradle/api/internal/artifacts/ivyservice/DefaultArtifactCaches$WritableArtifactCacheLockingParameters done
Event: 28.897 loading class org/gradle/internal/service/ServiceRegistry
Event: 28.897 loading class org/gradle/internal/service/ServiceRegistry done
Event: 28.897 loading class org/gradle/api/internal/artifacts/ivyservice/DefaultArtifactCacheMetadata
Event: 28.897 loading class org/gradle/api/internal/artifacts/ivyservice/DefaultArtifactCacheMetadata done
Event: 28.899 loading class org/gradle/api/internal/artifacts/ivyservice/CacheLayout
Event: 28.899 loading class org/gradle/api/internal/artifacts/ivyservice/CacheLayout done


Dynamic libraries:
0x00007ff7b3340000 - 0x00007ff7b3371000 	C:\Program Files\Android\Android Studio\jre\bin\java.exe
0x00007ffd74500000 - 0x00007ffd746f0000 	C:\WINDOWS\SYSTEM32\ntdll.dll
0x00007ffd74400000 - 0x00007ffd744b2000 	C:\WINDOWS\System32\KERNEL32.DLL
0x00007ffd72300000 - 0x00007ffd725a5000 	C:\WINDOWS\System32\KERNELBASE.dll
0x00007ffd73480000 - 0x00007ffd73523000 	C:\WINDOWS\System32\ADVAPI32.dll
0x00007ffd72e60000 - 0x00007ffd72efe000 	C:\WINDOWS\System32\msvcrt.dll
0x00007ffd72760000 - 0x00007ffd727f7000 	C:\WINDOWS\System32\sechost.dll
0x00007ffd732a0000 - 0x00007ffd733c0000 	C:\WINDOWS\System32\RPCRT4.dll
0x00007ffd73f20000 - 0x00007ffd740b4000 	C:\WINDOWS\System32\USER32.dll
0x00007ffd72020000 - 0x00007ffd72041000 	C:\WINDOWS\System32\win32u.dll
0x00007ffd725b0000 - 0x00007ffd725d6000 	C:\WINDOWS\System32\GDI32.dll
0x00007ffd72160000 - 0x00007ffd722f6000 	C:\WINDOWS\System32\gdi32full.dll
0x00007ffd71590000 - 0x00007ffd7162e000 	C:\WINDOWS\System32\msvcp_win.dll
0x00007ffd71470000 - 0x00007ffd7156a000 	C:\WINDOWS\System32\ucrtbase.dll
0x00007ffd623c0000 - 0x00007ffd62644000 	C:\WINDOWS\WinSxS\amd64_microsoft.windows.common-controls_6595b64144ccf1df_6.0.18362.1256_none_9e7e379be45e40e2\COMCTL32.dll
0x00007ffd740c0000 - 0x00007ffd743f6000 	C:\WINDOWS\System32\combase.dll
0x00007ffd71630000 - 0x00007ffd716b1000 	C:\WINDOWS\System32\bcryptPrimitives.dll
0x00007ffd72e30000 - 0x00007ffd72e5e000 	C:\WINDOWS\System32\IMM32.DLL
0x000000005b2f0000 - 0x000000005b3c2000 	C:\Program Files\Android\Android Studio\jre\jre\bin\msvcr100.dll
0x000000005e630000 - 0x000000005ee7b000 	C:\Program Files\Android\Android Studio\jre\jre\bin\server\jvm.dll
0x00007ffd73670000 - 0x00007ffd73678000 	C:\WINDOWS\System32\PSAPI.DLL
0x00007ffd6dd50000 - 0x00007ffd6dd74000 	C:\WINDOWS\SYSTEM32\WINMM.dll
0x00007ffd5f150000 - 0x00007ffd5f159000 	C:\WINDOWS\SYSTEM32\WSOCK32.dll
0x00007ffd73040000 - 0x00007ffd730af000 	C:\WINDOWS\System32\WS2_32.dll
0x00007ffd6dd20000 - 0x00007ffd6dd4d000 	C:\WINDOWS\SYSTEM32\WINMMBASE.dll
0x00007ffd71fd0000 - 0x00007ffd7201a000 	C:\WINDOWS\System32\cfgmgr32.dll
0x00007ffd65a70000 - 0x00007ffd65a7a000 	C:\WINDOWS\SYSTEM32\VERSION.dll
0x00007ffd6a860000 - 0x00007ffd6a86f000 	C:\Program Files\Android\Android Studio\jre\jre\bin\verify.dll
0x00007ffd6a290000 - 0x00007ffd6a2b9000 	C:\Program Files\Android\Android Studio\jre\jre\bin\java.dll
0x00007ffd6a270000 - 0x00007ffd6a286000 	C:\Program Files\Android\Android Studio\jre\jre\bin\zip.dll
0x00007ffd73830000 - 0x00007ffd73f17000 	C:\WINDOWS\System32\SHELL32.dll
0x00007ffd73180000 - 0x00007ffd73229000 	C:\WINDOWS\System32\shcore.dll
0x00007ffd716f0000 - 0x00007ffd71e71000 	C:\WINDOWS\System32\windows.storage.dll
0x00007ffd713f0000 - 0x00007ffd71413000 	C:\WINDOWS\System32\profapi.dll
0x00007ffd71420000 - 0x00007ffd7146a000 	C:\WINDOWS\System32\powrprof.dll
0x00007ffd713a0000 - 0x00007ffd713b0000 	C:\WINDOWS\System32\UMPDC.dll
0x00007ffd73420000 - 0x00007ffd73472000 	C:\WINDOWS\System32\shlwapi.dll
0x00007ffd713b0000 - 0x00007ffd713c1000 	C:\WINDOWS\System32\kernel.appcore.dll
0x00007ffd71570000 - 0x00007ffd71587000 	C:\WINDOWS\System32\cryptsp.dll
0x00007ffd6a250000 - 0x00007ffd6a26a000 	C:\Program Files\Android\Android Studio\jre\jre\bin\net.dll
0x00007ffd70bf0000 - 0x00007ffd70c57000 	C:\WINDOWS\system32\mswsock.dll
0x00007ffd5ff20000 - 0x00007ffd5ff33000 	C:\Program Files\Android\Android Studio\jre\jre\bin\nio.dll
0x00007ffd59a30000 - 0x00007ffd59a57000 	C:\Users\Julie\.gradle\native\f6784746aeab05261644944871eae4fe03e0ef1612fff0a4a95f87b438bc6780\windows-amd64\native-platform.dll
0x00007ffd6a240000 - 0x00007ffd6a24d000 	C:\Program Files\Android\Android Studio\jre\jre\bin\management.dll
0x00007ffd70760000 - 0x00007ffd70793000 	C:\WINDOWS\system32\rsaenh.dll
0x00007ffd716c0000 - 0x00007ffd716e6000 	C:\WINDOWS\System32\bcrypt.dll
0x00007ffd712c0000 - 0x00007ffd712e5000 	C:\WINDOWS\SYSTEM32\USERENV.dll
0x00007ffd70dc0000 - 0x00007ffd70dcc000 	C:\WINDOWS\SYSTEM32\CRYPTBASE.dll
0x00007ffd70900000 - 0x00007ffd7093a000 	C:\WINDOWS\SYSTEM32\IPHLPAPI.DLL
0x00007ffd73230000 - 0x00007ffd73238000 	C:\WINDOWS\System32\NSI.dll
0x00007ffd66be0000 - 0x00007ffd66bf6000 	C:\WINDOWS\SYSTEM32\dhcpcsvc6.DLL
0x00007ffd66bc0000 - 0x00007ffd66bdc000 	C:\WINDOWS\SYSTEM32\dhcpcsvc.DLL
0x00007ffd70940000 - 0x00007ffd70a0b000 	C:\WINDOWS\SYSTEM32\DNSAPI.dll
0x00007ffd66b70000 - 0x00007ffd66b7b000 	C:\WINDOWS\SYSTEM32\WINNSI.DLL

VM Arguments:
jvm_args: -Xmx2048m -Dfile.encoding=UTF-8 -Duser.country=FR -Duser.language=fr -Duser.variant 
java_command: org.gradle.launcher.daemon.bootstrap.GradleDaemon 6.5
java_class_path (initial): C:\Users\Julie\.gradle\wrapper\dists\gradle-6.5-all\2oz4ud9k3tuxjg84bbf55q0tn\gradle-6.5\lib\gradle-launcher-6.5.jar
Launcher Type: SUN_STANDARD

Environment Variables:
PATH=C:\Program Files (x86)\Common Files\Oracle\Java\javapath;C:\ProgramData\Oracle\Java\javapath;C:\Program Files (x86)\Python37-32\Scripts\;C:\Program Files (x86)\Python37-32\;C:\WINDOWS\system32;C:\WINDOWS;C:\WINDOWS\System32\Wbem;C:\WINDOWS\System32\WindowsPowerShell\v1.0\;C:\WINDOWS\System32\OpenSSH\;C:\Program Files\nodejs\;C:\Program Files\MATLAB\R2020a\bin;C:\Program Files\Git\cmd;C:\Program Files\MySQL\MySQL Shell 8.0\bin\;C:\Users\Julie\AppData\Local\Microsoft\WindowsApps;C:\Users\Julie\AppData\Local\GitHubDesktop\bin;C:\ProgramData\Julie\GitHubDesktop\bin;C:\Users\Julie\AppData\Local\Microsoft\WindowsApps;C:\Users\Julie\AppData\Local\Programs\Microsoft VS Code\bin;C:\Users\Julie\AppData\Roaming\npm;C:\Program Files\sqlite3;;C:\Program Files\JetBrains\IntelliJ IDEA Community Edition 2020.2.3\bin;
USERNAME=Julie
OS=Windows_NT
PROCESSOR_IDENTIFIER=Intel64 Family 6 Model 69 Stepping 1, GenuineIntel



---------------  S Y S T E M  ---------------

OS: Windows 10.0 , 64 bit Build 18362 (10.0.18362.1110)

CPU:total 4 (initial active 4) (2 cores per cpu, 2 threads per core) family 6 model 69 stepping 1, cmov, cx8, fxsr, mmx, sse, sse2, sse3, ssse3, sse4.1, sse4.2, popcnt, avx, avx2, aes, clmul, erms, lzcnt, ht, tsc, tscinvbit, bmi1, bmi2

Memory: 4k page, physical 4127020k(50368k free), swap 16709932k(3660k free)

vm_info: OpenJDK 64-Bit Server VM (25.242-b01) for windows-amd64 JRE (1.8.0_242-release-1644-b01), built by "builder" with MS VC++ 10.0 (VS2010)

time: Tue Jan 05 19:36:35 2021
timezone: Paris, Madrid
elapsed time: 28 seconds (0d 0h 0m 28s)

